stytch-b2b-nextjs-example:build: cache hit, replaying output [2m757e502e22e7af7b[0m
[35mstytch-b2b-nextjs-example:build: [0minfo  - Loaded env from /Users/anmol/stytch/js-sdk-turbo/apps/stytch-b2b-nextjs-example/.env.local
[35mstytch-b2b-nextjs-example:build: [0minfo  - Linting and checking validity of types...
[35mstytch-b2b-nextjs-example:build: [0mwarn  - The Next.js plugin was not detected in your ESLint configuration. See https://nextjs.org/docs/basic-features/eslint#migrating-existing-config
[35mstytch-b2b-nextjs-example:build: [0minfo  - Creating an optimized production build...
[35mstytch-b2b-nextjs-example:build: [0minfo  - Compiled successfully
[35mstytch-b2b-nextjs-example:build: [0minfo  - Collecting page data...
[35mstytch-b2b-nextjs-example:build: [0minfo  - Generating static pages (0/7)
[35mstytch-b2b-nextjs-example:build: [0minfo  - Generating static pages (1/7)
[35mstytch-b2b-nextjs-example:build: [0minfo  - Generating static pages (3/7)
[35mstytch-b2b-nextjs-example:build: [0minfo  - Generating static pages (5/7)
[35mstytch-b2b-nextjs-example:build: [0minfo  - Generating static pages (7/7)
[35mstytch-b2b-nextjs-example:build: [0minfo  - Finalizing page optimization...
[35mstytch-b2b-nextjs-example:build: [0m
[35mstytch-b2b-nextjs-example:build: [0mRoute (pages)                               Size     First Load JS
[35mstytch-b2b-nextjs-example:build: [0m┌ ○ /                                       412 B           179 kB
[35mstytch-b2b-nextjs-example:build: [0m├   /_app                                   0 B             176 kB
[35mstytch-b2b-nextjs-example:build: [0m├ λ /[slug]/dashboard                       1.95 kB         180 kB
[35mstytch-b2b-nextjs-example:build: [0m├ λ /[slug]/dashboard/oidc/[connection_id]  1.68 kB         201 kB
[35mstytch-b2b-nextjs-example:build: [0m├ λ /[slug]/dashboard/saml/[connection_id]  1.52 kB         201 kB
[35mstytch-b2b-nextjs-example:build: [0m├ ○ /[slug]/login                           285 B           177 kB
[35mstytch-b2b-nextjs-example:build: [0m├ ○ /404                                    181 B           177 kB
[35mstytch-b2b-nextjs-example:build: [0m├ λ /api/callback                           0 B             176 kB
[35mstytch-b2b-nextjs-example:build: [0m├ λ /api/delete_member                      0 B             176 kB
[35mstytch-b2b-nextjs-example:build: [0m├ λ /api/discovery/[orgId]                  0 B             176 kB
[35mstytch-b2b-nextjs-example:build: [0m├ λ /api/discovery/create                   0 B             176 kB
[35mstytch-b2b-nextjs-example:build: [0m├ λ /api/discovery/start                    0 B             176 kB
[35mstytch-b2b-nextjs-example:build: [0m├ λ /api/invite                             0 B             176 kB
[35mstytch-b2b-nextjs-example:build: [0m├ λ /api/login                              0 B             176 kB
[35mstytch-b2b-nextjs-example:build: [0m├ λ /api/logout                             0 B             176 kB
[35mstytch-b2b-nextjs-example:build: [0m├ λ /api/sso/oidc/create                    0 B             176 kB
[35mstytch-b2b-nextjs-example:build: [0m├ λ /api/sso/oidc/update                    0 B             176 kB
[35mstytch-b2b-nextjs-example:build: [0m├ λ /api/sso/saml/create                    0 B             176 kB
[35mstytch-b2b-nextjs-example:build: [0m├ λ /api/sso/saml/update                    0 B             176 kB
[35mstytch-b2b-nextjs-example:build: [0m├ ○ /discovery                              939 B           377 kB
[35mstytch-b2b-nextjs-example:build: [0m├ ○ /login                                  476 B           377 kB
[35mstytch-b2b-nextjs-example:build: [0m├ λ /orgswitcher                            585 B           177 kB
[35mstytch-b2b-nextjs-example:build: [0m└ ○ /signup                                 477 B           377 kB
[35mstytch-b2b-nextjs-example:build: [0m+ First Load JS shared by all               177 kB
[35mstytch-b2b-nextjs-example:build: [0m  ├ chunks/framework-2c79e2a64abdb08b.js    45.2 kB
[35mstytch-b2b-nextjs-example:build: [0m  ├ chunks/main-f11614d8aa7ee555.js         26.8 kB
[35mstytch-b2b-nextjs-example:build: [0m  ├ chunks/pages/_app-b37a2a11f3936ce0.js   104 kB
[35mstytch-b2b-nextjs-example:build: [0m  ├ chunks/webpack-ee7e63bc15b31913.js      815 B
[35mstytch-b2b-nextjs-example:build: [0m  └ css/8b462efa3bc7aa4b.css                1.03 kB
[35mstytch-b2b-nextjs-example:build: [0m
[35mstytch-b2b-nextjs-example:build: [0mλ  (Server)  server-side renders at runtime (uses getInitialProps or getServerSideProps)
[35mstytch-b2b-nextjs-example:build: [0m○  (Static)  automatically rendered as static HTML (uses no initial props)
[35mstytch-b2b-nextjs-example:build: [0m
